[2024-05-26 05:04:28] local.ERROR: SQLSTATE[HY000] [2003] Can't connect to MySQL server on '127.0.0.1:3307' (111) (Connection: mysql, SQL: select * from `sessions` where `id` = 3bUX9xc2qT1POMoLDhMqbUKeIuEhz1RalgJnSnJw limit 1) {"exception":"[object] (Illuminate\\Database\\QueryException(code: 2003): SQLSTATE[HY000] [2003] Can't connect to MySQL server on '127.0.0.1:3307' (111) (Connection: mysql, SQL: select * from `sessions` where `id` = 3bUX9xc2qT1POMoLDhMqbUKeIuEhz1RalgJnSnJw limit 1) at /home/kapahrco/public_html/twoday.kap-ahr.com/vendor/laravel/framework/src/Illuminate/Database/Connection.php:813)
[stacktrace]
#0 /home/kapahrco/public_html/twoday.kap-ahr.com/vendor/laravel/framework/src/Illuminate/Database/Connection.php(767): Illuminate\\Database\\Connection->runQueryCallback()
#1 /home/kapahrco/public_html/twoday.kap-ahr.com/vendor/laravel/framework/src/Illuminate/Database/Connection.php(398): Illuminate\\Database\\Connection->run()
#2 /home/kapahrco/public_html/twoday.kap-ahr.com/vendor/laravel/framework/src/Illuminate/Database/Query/Builder.php(2934): Illuminate\\Database\\Connection->select()
#3 /home/kapahrco/public_html/twoday.kap-ahr.com/vendor/laravel/framework/src/Illuminate/Database/Query/Builder.php(2919): Illuminate\\Database\\Query\\Builder->runSelect()
#4 /home/kapahrco/public_html/twoday.kap-ahr.com/vendor/laravel/framework/src/Illuminate/Database/Query/Builder.php(3507): Illuminate\\Database\\Query\\Builder->Illuminate\\Database\\Query\\{closure}()
#5 /home/kapahrco/public_html/twoday.kap-ahr.com/vendor/laravel/framework/src/Illuminate/Database/Query/Builder.php(2918): Illuminate\\Database\\Query\\Builder->onceWithColumns()
#6 /home/kapahrco/public_html/twoday.kap-ahr.com/vendor/laravel/framework/src/Illuminate/Database/Concerns/BuildsQueries.php(335): Illuminate\\Database\\Query\\Builder->get()
#7 /home/kapahrco/public_html/twoday.kap-ahr.com/vendor/laravel/framework/src/Illuminate/Database/Query/Builder.php(2841): Illuminate\\Database\\Query\\Builder->first()
#8 /home/kapahrco/public_html/twoday.kap-ahr.com/vendor/laravel/framework/src/Illuminate/Session/DatabaseSessionHandler.php(97): Illuminate\\Database\\Query\\Builder->find()
#9 /home/kapahrco/public_html/twoday.kap-ahr.com/vendor/laravel/framework/src/Illuminate/Session/Store.php(113): Illuminate\\Session\\DatabaseSessionHandler->read()
#10 /home/kapahrco/public_html/twoday.kap-ahr.com/vendor/laravel/framework/src/Illuminate/Session/Store.php(101): Illuminate\\Session\\Store->readFromHandler()
#11 /home/kapahrco/public_html/twoday.kap-ahr.com/vendor/laravel/framework/src/Illuminate/Session/Store.php(85): Illuminate\\Session\\Store->loadSession()
#12 /home/kapahrco/public_html/twoday.kap-ahr.com/vendor/laravel/framework/src/Illuminate/Session/Middleware/StartSession.php(147): Illuminate\\Session\\Store->start()
#13 /home/kapahrco/public_html/twoday.kap-ahr.com/vendor/laravel/framework/src/Illuminate/Support/helpers.php(359): Illuminate\\Session\\Middleware\\StartSession->Illuminate\\Session\\Middleware\\{closure}()
#14 /home/kapahrco/public_html/twoday.kap-ahr.com/vendor/laravel/framework/src/Illuminate/Session/Middleware/StartSession.php(144): tap()
#15 /home/kapahrco/public_html/twoday.kap-ahr.com/vendor/laravel/framework/src/Illuminate/Session/Middleware/StartSession.php(116): Illuminate\\Session\\Middleware\\StartSession->startSession()
#16 /home/kapahrco/public_html/twoday.kap-ahr.com/vendor/laravel/framework/src/Illuminate/Session/Middleware/StartSession.php(64): Illuminate\\Session\\Middleware\\StartSession->handleStatefulRequest()
#17 /home/kapahrco/public_html/twoday.kap-ahr.com/vendor/laravel/framework/src/Illuminate/Pipeline/Pipeline.php(183): Illuminate\\Session\\Middleware\\StartSession->handle()
#18 /home/kapahrco/public_html/twoday.kap-ahr.com/vendor/laravel/framework/src/Illuminate/Cookie/Middleware/AddQueuedCookiesToResponse.php(37): Illuminate\\Pipeline\\Pipeline->Illuminate\\Pipeline\\{closure}()
#19 /home/kapahrco/public_html/twoday.kap-ahr.com/vendor/laravel/framework/src/Illuminate/Pipeline/Pipeline.php(183): Illuminate\\Cookie\\Middleware\\AddQueuedCookiesToResponse->handle()
#20 /home/kapahrco/public_html/twoday.kap-ahr.com/vendor/laravel/framework/src/Illuminate/Cookie/Middleware/EncryptCookies.php(75): Illuminate\\Pipeline\\Pipeline->Illuminate\\Pipeline\\{closure}()
#21 /home/kapahrco/public_html/twoday.kap-ahr.com/vendor/laravel/framework/src/Illuminate/Pipeline/Pipeline.php(183): Illuminate\\Cookie\\Middleware\\EncryptCookies->handle()
#22 /home/kapahrco/public_html/twoday.kap-ahr.com/vendor/laravel/framework/src/Illuminate/Pipeline/Pipeline.php(119): Illuminate\\Pipeline\\Pipeline->Illuminate\\Pipeline\\{closure}()
#23 /home/kapahrco/public_html/twoday.kap-ahr.com/vendor/laravel/framework/src/Illuminate/Routing/Router.php(805): Illuminate\\Pipeline\\Pipeline->then()
#24 /home/kapahrco/public_html/twoday.kap-ahr.com/vendor/laravel/framework/src/Illuminate/Routing/Router.php(784): Illuminate\\Routing\\Router->runRouteWithinStack()
#25 /home/kapahrco/public_html/twoday.kap-ahr.com/vendor/laravel/framework/src/Illuminate/Routing/Router.php(748): Illuminate\\Routing\\Router->runRoute()
#26 /home/kapahrco/public_html/twoday.kap-ahr.com/vendor/laravel/framework/src/Illuminate/Routing/Router.php(737): Illuminate\\Routing\\Router->dispatchToRoute()
#27 /home/kapahrco/public_html/twoday.kap-ahr.com/vendor/laravel/framework/src/Illuminate/Foundation/Http/Kernel.php(200): Illuminate\\Routing\\Router->dispatch()
#28 /home/kapahrco/public_html/twoday.kap-ahr.com/vendor/laravel/framework/src/Illuminate/Pipeline/Pipeline.php(144): Illuminate\\Foundation\\Http\\Kernel->Illuminate\\Foundation\\Http\\{closure}()
#29 /home/kapahrco/public_html/twoday.kap-ahr.com/vendor/laravel/framework/src/Illuminate/Foundation/Http/Middleware/TransformsRequest.php(21): Illuminate\\Pipeline\\Pipeline->Illuminate\\Pipeline\\{closure}()
#30 /home/kapahrco/public_html/twoday.kap-ahr.com/vendor/laravel/framework/src/Illuminate/Foundation/Http/Middleware/ConvertEmptyStringsToNull.php(31): Illuminate\\Foundation\\Http\\Middleware\\TransformsRequest->handle()
#31 /home/kapahrco/public_html/twoday.kap-ahr.com/vendor/laravel/framework/src/Illuminate/Pipeline/Pipeline.php(183): Illuminate\\Foundation\\Http\\Middleware\\ConvertEmptyStringsToNull->handle()
#32 /home/kapahrco/public_html/twoday.kap-ahr.com/vendor/laravel/framework/src/Illuminate/Foundation/Http/Middleware/TransformsRequest.php(21): Illuminate\\Pipeline\\Pipeline->Illuminate\\Pipeline\\{closure}()
#33 /home/kapahrco/public_html/twoday.kap-ahr.com/vendor/laravel/framework/src/Illuminate/Foundation/Http/Middleware/TrimStrings.php(51): Illuminate\\Foundation\\Http\\Middleware\\TransformsRequest->handle()
#34 /home/kapahrco/public_html/twoday.kap-ahr.com/vendor/laravel/framework/src/Illuminate/Pipeline/Pipeline.php(183): Illuminate\\Foundation\\Http\\Middleware\\TrimStrings->handle()
#35 /home/kapahrco/public_html/twoday.kap-ahr.com/vendor/laravel/framework/src/Illuminate/Http/Middleware/ValidatePostSize.php(27): Illuminate\\Pipeline\\Pipeline->Illuminate\\Pipeline\\{closure}()
#36 /home/kapahrco/public_html/twoday.kap-ahr.com/vendor/laravel/framework/src/Illuminate/Pipeline/Pipeline.php(183): Illuminate\\Http\\Middleware\\ValidatePostSize->handle()
#37 /home/kapahrco/public_html/twoday.kap-ahr.com/vendor/laravel/framework/src/Illuminate/Foundation/Http/Middleware/PreventRequestsDuringMaintenance.php(110): Illuminate\\Pipeline\\Pipeline->Illuminate\\Pipeline\\{closure}()
#38 /home/kapahrco/public_html/twoday.kap-ahr.com/vendor/laravel/framework/src/Illuminate/Pipeline/Pipeline.php(183): Illuminate\\Foundation\\Http\\Middleware\\PreventRequestsDuringMaintenance->handle()
#39 /home/kapahrco/public_html/twoday.kap-ahr.com/vendor/laravel/framework/src/Illuminate/Http/Middleware/HandleCors.php(49): Illuminate\\Pipeline\\Pipeline->Illuminate\\Pipeline\\{closure}()
#40 /home/kapahrco/public_html/twoday.kap-ahr.com/vendor/laravel/framework/src/Illuminate/Pipeline/Pipeline.php(183): Illuminate\\Http\\Middleware\\HandleCors->handle()
#41 /home/kapahrco/public_html/twoday.kap-ahr.com/vendor/laravel/framework/src/Illuminate/Http/Middleware/TrustProxies.php(57): Illuminate\\Pipeline\\Pipeline->Illuminate\\Pipeline\\{closure}()
#42 /home/kapahrco/public_html/twoday.kap-ahr.com/vendor/laravel/framework/src/Illuminate/Pipeline/Pipeline.php(183): Illuminate\\Http\\Middleware\\TrustProxies->handle()
#43 /home/kapahrco/public_html/twoday.kap-ahr.com/vendor/laravel/framework/src/Illuminate/Pipeline/Pipeline.php(119): Illuminate\\Pipeline\\Pipeline->Illuminate\\Pipeline\\{closure}()
#44 /home/kapahrco/public_html/twoday.kap-ahr.com/vendor/laravel/framework/src/Illuminate/Foundation/Http/Kernel.php(175): Illuminate\\Pipeline\\Pipeline->then()
#45 /home/kapahrco/public_html/twoday.kap-ahr.com/vendor/laravel/framework/src/Illuminate/Foundation/Http/Kernel.php(144): Illuminate\\Foundation\\Http\\Kernel->sendRequestThroughRouter()
#46 /home/kapahrco/public_html/twoday.kap-ahr.com/vendor/laravel/framework/src/Illuminate/Foundation/Application.php(1172): Illuminate\\Foundation\\Http\\Kernel->handle()
#47 /home/kapahrco/public_html/twoday.kap-ahr.com/public/index.php(17): Illuminate\\Foundation\\Application->handleRequest()
#48 /home/kapahrco/public_html/twoday.kap-ahr.com/server.php(14): require_once('/home/kapahrco/...')
#49 {main}

[previous exception] [object] (PDOException(code: 2003): SQLSTATE[HY000] [2003] Can't connect to MySQL server on '127.0.0.1:3307' (111) at /home/kapahrco/public_html/twoday.kap-ahr.com/vendor/laravel/framework/src/Illuminate/Database/Connectors/Connector.php:65)
[stacktrace]
#0 /home/kapahrco/public_html/twoday.kap-ahr.com/vendor/laravel/framework/src/Illuminate/Database/Connectors/Connector.php(65): PDO->__construct()
#1 /home/kapahrco/public_html/twoday.kap-ahr.com/vendor/laravel/framework/src/Illuminate/Database/Connectors/Connector.php(44): Illuminate\\Database\\Connectors\\Connector->createPdoConnection()
#2 /home/kapahrco/public_html/twoday.kap-ahr.com/vendor/laravel/framework/src/Illuminate/Database/Connectors/MySqlConnector.php(24): Illuminate\\Database\\Connectors\\Connector->createConnection()
#3 /home/kapahrco/public_html/twoday.kap-ahr.com/vendor/laravel/framework/src/Illuminate/Database/Connectors/ConnectionFactory.php(185): Illuminate\\Database\\Connectors\\MySqlConnector->connect()
#4 [internal function]: Illuminate\\Database\\Connectors\\ConnectionFactory->Illuminate\\Database\\Connectors\\{closure}()
#5 /home/kapahrco/public_html/twoday.kap-ahr.com/vendor/laravel/framework/src/Illuminate/Database/Connection.php(1219): call_user_func()
#6 /home/kapahrco/public_html/twoday.kap-ahr.com/vendor/laravel/framework/src/Illuminate/Database/Connection.php(1255): Illuminate\\Database\\Connection->getPdo()
#7 /home/kapahrco/public_html/twoday.kap-ahr.com/vendor/laravel/framework/src/Illuminate/Database/Connection.php(512): Illuminate\\Database\\Connection->getReadPdo()
#8 /home/kapahrco/public_html/twoday.kap-ahr.com/vendor/laravel/framework/src/Illuminate/Database/Connection.php(407): Illuminate\\Database\\Connection->getPdoForSelect()
#9 /home/kapahrco/public_html/twoday.kap-ahr.com/vendor/laravel/framework/src/Illuminate/Database/Connection.php(800): Illuminate\\Database\\Connection->Illuminate\\Database\\{closure}()
#10 /home/kapahrco/public_html/twoday.kap-ahr.com/vendor/laravel/framework/src/Illuminate/Database/Connection.php(767): Illuminate\\Database\\Connection->runQueryCallback()
#11 /home/kapahrco/public_html/twoday.kap-ahr.com/vendor/laravel/framework/src/Illuminate/Database/Connection.php(398): Illuminate\\Database\\Connection->run()
#12 /home/kapahrco/public_html/twoday.kap-ahr.com/vendor/laravel/framework/src/Illuminate/Database/Query/Builder.php(2934): Illuminate\\Database\\Connection->select()
#13 /home/kapahrco/public_html/twoday.kap-ahr.com/vendor/laravel/framework/src/Illuminate/Database/Query/Builder.php(2919): Illuminate\\Database\\Query\\Builder->runSelect()
#14 /home/kapahrco/public_html/twoday.kap-ahr.com/vendor/laravel/framework/src/Illuminate/Database/Query/Builder.php(3507): Illuminate\\Database\\Query\\Builder->Illuminate\\Database\\Query\\{closure}()
#15 /home/kapahrco/public_html/twoday.kap-ahr.com/vendor/laravel/framework/src/Illuminate/Database/Query/Builder.php(2918): Illuminate\\Database\\Query\\Builder->onceWithColumns()
#16 /home/kapahrco/public_html/twoday.kap-ahr.com/vendor/laravel/framework/src/Illuminate/Database/Concerns/BuildsQueries.php(335): Illuminate\\Database\\Query\\Builder->get()
#17 /home/kapahrco/public_html/twoday.kap-ahr.com/vendor/laravel/framework/src/Illuminate/Database/Query/Builder.php(2841): Illuminate\\Database\\Query\\Builder->first()
#18 /home/kapahrco/public_html/twoday.kap-ahr.com/vendor/laravel/framework/src/Illuminate/Session/DatabaseSessionHandler.php(97): Illuminate\\Database\\Query\\Builder->find()
#19 /home/kapahrco/public_html/twoday.kap-ahr.com/vendor/laravel/framework/src/Illuminate/Session/Store.php(113): Illuminate\\Session\\DatabaseSessionHandler->read()
#20 /home/kapahrco/public_html/twoday.kap-ahr.com/vendor/laravel/framework/src/Illuminate/Session/Store.php(101): Illuminate\\Session\\Store->readFromHandler()
#21 /home/kapahrco/public_html/twoday.kap-ahr.com/vendor/laravel/framework/src/Illuminate/Session/Store.php(85): Illuminate\\Session\\Store->loadSession()
#22 /home/kapahrco/public_html/twoday.kap-ahr.com/vendor/laravel/framework/src/Illuminate/Session/Middleware/StartSession.php(147): Illuminate\\Session\\Store->start()
#23 /home/kapahrco/public_html/twoday.kap-ahr.com/vendor/laravel/framework/src/Illuminate/Support/helpers.php(359): Illuminate\\Session\\Middleware\\StartSession->Illuminate\\Session\\Middleware\\{closure}()
#24 /home/kapahrco/public_html/twoday.kap-ahr.com/vendor/laravel/framework/src/Illuminate/Session/Middleware/StartSession.php(144): tap()
#25 /home/kapahrco/public_html/twoday.kap-ahr.com/vendor/laravel/framework/src/Illuminate/Session/Middleware/StartSession.php(116): Illuminate\\Session\\Middleware\\StartSession->startSession()
#26 /home/kapahrco/public_html/twoday.kap-ahr.com/vendor/laravel/framework/src/Illuminate/Session/Middleware/StartSession.php(64): Illuminate\\Session\\Middleware\\StartSession->handleStatefulRequest()
#27 /home/kapahrco/public_html/twoday.kap-ahr.com/vendor/laravel/framework/src/Illuminate/Pipeline/Pipeline.php(183): Illuminate\\Session\\Middleware\\StartSession->handle()
#28 /home/kapahrco/public_html/twoday.kap-ahr.com/vendor/laravel/framework/src/Illuminate/Cookie/Middleware/AddQueuedCookiesToResponse.php(37): Illuminate\\Pipeline\\Pipeline->Illuminate\\Pipeline\\{closure}()
#29 /home/kapahrco/public_html/twoday.kap-ahr.com/vendor/laravel/framework/src/Illuminate/Pipeline/Pipeline.php(183): Illuminate\\Cookie\\Middleware\\AddQueuedCookiesToResponse->handle()
#30 /home/kapahrco/public_html/twoday.kap-ahr.com/vendor/laravel/framework/src/Illuminate/Cookie/Middleware/EncryptCookies.php(75): Illuminate\\Pipeline\\Pipeline->Illuminate\\Pipeline\\{closure}()
#31 /home/kapahrco/public_html/twoday.kap-ahr.com/vendor/laravel/framework/src/Illuminate/Pipeline/Pipeline.php(183): Illuminate\\Cookie\\Middleware\\EncryptCookies->handle()
#32 /home/kapahrco/public_html/twoday.kap-ahr.com/vendor/laravel/framework/src/Illuminate/Pipeline/Pipeline.php(119): Illuminate\\Pipeline\\Pipeline->Illuminate\\Pipeline\\{closure}()
#33 /home/kapahrco/public_html/twoday.kap-ahr.com/vendor/laravel/framework/src/Illuminate/Routing/Router.php(805): Illuminate\\Pipeline\\Pipeline->then()
#34 /home/kapahrco/public_html/twoday.kap-ahr.com/vendor/laravel/framework/src/Illuminate/Routing/Router.php(784): Illuminate\\Routing\\Router->runRouteWithinStack()
#35 /home/kapahrco/public_html/twoday.kap-ahr.com/vendor/laravel/framework/src/Illuminate/Routing/Router.php(748): Illuminate\\Routing\\Router->runRoute()
#36 /home/kapahrco/public_html/twoday.kap-ahr.com/vendor/laravel/framework/src/Illuminate/Routing/Router.php(737): Illuminate\\Routing\\Router->dispatchToRoute()
#37 /home/kapahrco/public_html/twoday.kap-ahr.com/vendor/laravel/framework/src/Illuminate/Foundation/Http/Kernel.php(200): Illuminate\\Routing\\Router->dispatch()
#38 /home/kapahrco/public_html/twoday.kap-ahr.com/vendor/laravel/framework/src/Illuminate/Pipeline/Pipeline.php(144): Illuminate\\Foundation\\Http\\Kernel->Illuminate\\Foundation\\Http\\{closure}()
#39 /home/kapahrco/public_html/twoday.kap-ahr.com/vendor/laravel/framework/src/Illuminate/Foundation/Http/Middleware/TransformsRequest.php(21): Illuminate\\Pipeline\\Pipeline->Illuminate\\Pipeline\\{closure}()
#40 /home/kapahrco/public_html/twoday.kap-ahr.com/vendor/laravel/framework/src/Illuminate/Foundation/Http/Middleware/ConvertEmptyStringsToNull.php(31): Illuminate\\Foundation\\Http\\Middleware\\TransformsRequest->handle()
#41 /home/kapahrco/public_html/twoday.kap-ahr.com/vendor/laravel/framework/src/Illuminate/Pipeline/Pipeline.php(183): Illuminate\\Foundation\\Http\\Middleware\\ConvertEmptyStringsToNull->handle()
#42 /home/kapahrco/public_html/twoday.kap-ahr.com/vendor/laravel/framework/src/Illuminate/Foundation/Http/Middleware/TransformsRequest.php(21): Illuminate\\Pipeline\\Pipeline->Illuminate\\Pipeline\\{closure}()
#43 /home/kapahrco/public_html/twoday.kap-ahr.com/vendor/laravel/framework/src/Illuminate/Foundation/Http/Middleware/TrimStrings.php(51): Illuminate\\Foundation\\Http\\Middleware\\TransformsRequest->handle()
#44 /home/kapahrco/public_html/twoday.kap-ahr.com/vendor/laravel/framework/src/Illuminate/Pipeline/Pipeline.php(183): Illuminate\\Foundation\\Http\\Middleware\\TrimStrings->handle()
#45 /home/kapahrco/public_html/twoday.kap-ahr.com/vendor/laravel/framework/src/Illuminate/Http/Middleware/ValidatePostSize.php(27): Illuminate\\Pipeline\\Pipeline->Illuminate\\Pipeline\\{closure}()
#46 /home/kapahrco/public_html/twoday.kap-ahr.com/vendor/laravel/framework/src/Illuminate/Pipeline/Pipeline.php(183): Illuminate\\Http\\Middleware\\ValidatePostSize->handle()
#47 /home/kapahrco/public_html/twoday.kap-ahr.com/vendor/laravel/framework/src/Illuminate/Foundation/Http/Middleware/PreventRequestsDuringMaintenance.php(110): Illuminate\\Pipeline\\Pipeline->Illuminate\\Pipeline\\{closure}()
#48 /home/kapahrco/public_html/twoday.kap-ahr.com/vendor/laravel/framework/src/Illuminate/Pipeline/Pipeline.php(183): Illuminate\\Foundation\\Http\\Middleware\\PreventRequestsDuringMaintenance->handle()
#49 /home/kapahrco/public_html/twoday.kap-ahr.com/vendor/laravel/framework/src/Illuminate/Http/Middleware/HandleCors.php(49): Illuminate\\Pipeline\\Pipeline->Illuminate\\Pipeline\\{closure}()
#50 /home/kapahrco/public_html/twoday.kap-ahr.com/vendor/laravel/framework/src/Illuminate/Pipeline/Pipeline.php(183): Illuminate\\Http\\Middleware\\HandleCors->handle()
#51 /home/kapahrco/public_html/twoday.kap-ahr.com/vendor/laravel/framework/src/Illuminate/Http/Middleware/TrustProxies.php(57): Illuminate\\Pipeline\\Pipeline->Illuminate\\Pipeline\\{closure}()
#52 /home/kapahrco/public_html/twoday.kap-ahr.com/vendor/laravel/framework/src/Illuminate/Pipeline/Pipeline.php(183): Illuminate\\Http\\Middleware\\TrustProxies->handle()
#53 /home/kapahrco/public_html/twoday.kap-ahr.com/vendor/laravel/framework/src/Illuminate/Pipeline/Pipeline.php(119): Illuminate\\Pipeline\\Pipeline->Illuminate\\Pipeline\\{closure}()
#54 /home/kapahrco/public_html/twoday.kap-ahr.com/vendor/laravel/framework/src/Illuminate/Foundation/Http/Kernel.php(175): Illuminate\\Pipeline\\Pipeline->then()
#55 /home/kapahrco/public_html/twoday.kap-ahr.com/vendor/laravel/framework/src/Illuminate/Foundation/Http/Kernel.php(144): Illuminate\\Foundation\\Http\\Kernel->sendRequestThroughRouter()
#56 /home/kapahrco/public_html/twoday.kap-ahr.com/vendor/laravel/framework/src/Illuminate/Foundation/Application.php(1172): Illuminate\\Foundation\\Http\\Kernel->handle()
#57 /home/kapahrco/public_html/twoday.kap-ahr.com/public/index.php(17): Illuminate\\Foundation\\Application->handleRequest()
#58 /home/kapahrco/public_html/twoday.kap-ahr.com/server.php(14): require_once('/home/kapahrco/...')
#59 {main}
"} 
[2024-05-26 05:10:20] local.ERROR: SQLSTATE[HY000] [2003] Can't connect to MySQL server on '127.0.0.1:3307' (111) (Connection: mysql, SQL: select * from `sessions` where `id` = UpRofJXAW4ILVPpjlfWg8vAbot5uF4I6U2lqnJN8 limit 1) {"exception":"[object] (Illuminate\\Database\\QueryException(code: 2003): SQLSTATE[HY000] [2003] Can't connect to MySQL server on '127.0.0.1:3307' (111) (Connection: mysql, SQL: select * from `sessions` where `id` = UpRofJXAW4ILVPpjlfWg8vAbot5uF4I6U2lqnJN8 limit 1) at /home/kapahrco/public_html/twoday.kap-ahr.com/vendor/laravel/framework/src/Illuminate/Database/Connection.php:813)
[stacktrace]
#0 /home/kapahrco/public_html/twoday.kap-ahr.com/vendor/laravel/framework/src/Illuminate/Database/Connection.php(767): Illuminate\\Database\\Connection->runQueryCallback()
#1 /home/kapahrco/public_html/twoday.kap-ahr.com/vendor/laravel/framework/src/Illuminate/Database/Connection.php(398): Illuminate\\Database\\Connection->run()
#2 /home/kapahrco/public_html/twoday.kap-ahr.com/vendor/laravel/framework/src/Illuminate/Database/Query/Builder.php(2934): Illuminate\\Database\\Connection->select()
#3 /home/kapahrco/public_html/twoday.kap-ahr.com/vendor/laravel/framework/src/Illuminate/Database/Query/Builder.php(2919): Illuminate\\Database\\Query\\Builder->runSelect()
#4 /home/kapahrco/public_html/twoday.kap-ahr.com/vendor/laravel/framework/src/Illuminate/Database/Query/Builder.php(3507): Illuminate\\Database\\Query\\Builder->Illuminate\\Database\\Query\\{closure}()
#5 /home/kapahrco/public_html/twoday.kap-ahr.com/vendor/laravel/framework/src/Illuminate/Database/Query/Builder.php(2918): Illuminate\\Database\\Query\\Builder->onceWithColumns()
#6 /home/kapahrco/public_html/twoday.kap-ahr.com/vendor/laravel/framework/src/Illuminate/Database/Concerns/BuildsQueries.php(335): Illuminate\\Database\\Query\\Builder->get()
#7 /home/kapahrco/public_html/twoday.kap-ahr.com/vendor/laravel/framework/src/Illuminate/Database/Query/Builder.php(2841): Illuminate\\Database\\Query\\Builder->first()
#8 /home/kapahrco/public_html/twoday.kap-ahr.com/vendor/laravel/framework/src/Illuminate/Session/DatabaseSessionHandler.php(97): Illuminate\\Database\\Query\\Builder->find()
#9 /home/kapahrco/public_html/twoday.kap-ahr.com/vendor/laravel/framework/src/Illuminate/Session/Store.php(113): Illuminate\\Session\\DatabaseSessionHandler->read()
#10 /home/kapahrco/public_html/twoday.kap-ahr.com/vendor/laravel/framework/src/Illuminate/Session/Store.php(101): Illuminate\\Session\\Store->readFromHandler()
#11 /home/kapahrco/public_html/twoday.kap-ahr.com/vendor/laravel/framework/src/Illuminate/Session/Store.php(85): Illuminate\\Session\\Store->loadSession()
#12 /home/kapahrco/public_html/twoday.kap-ahr.com/vendor/laravel/framework/src/Illuminate/Session/Middleware/StartSession.php(147): Illuminate\\Session\\Store->start()
#13 /home/kapahrco/public_html/twoday.kap-ahr.com/vendor/laravel/framework/src/Illuminate/Support/helpers.php(359): Illuminate\\Session\\Middleware\\StartSession->Illuminate\\Session\\Middleware\\{closure}()
#14 /home/kapahrco/public_html/twoday.kap-ahr.com/vendor/laravel/framework/src/Illuminate/Session/Middleware/StartSession.php(144): tap()
#15 /home/kapahrco/public_html/twoday.kap-ahr.com/vendor/laravel/framework/src/Illuminate/Session/Middleware/StartSession.php(116): Illuminate\\Session\\Middleware\\StartSession->startSession()
#16 /home/kapahrco/public_html/twoday.kap-ahr.com/vendor/laravel/framework/src/Illuminate/Session/Middleware/StartSession.php(64): Illuminate\\Session\\Middleware\\StartSession->handleStatefulRequest()
#17 /home/kapahrco/public_html/twoday.kap-ahr.com/vendor/laravel/framework/src/Illuminate/Pipeline/Pipeline.php(183): Illuminate\\Session\\Middleware\\StartSession->handle()
#18 /home/kapahrco/public_html/twoday.kap-ahr.com/vendor/laravel/framework/src/Illuminate/Cookie/Middleware/AddQueuedCookiesToResponse.php(37): Illuminate\\Pipeline\\Pipeline->Illuminate\\Pipeline\\{closure}()
#19 /home/kapahrco/public_html/twoday.kap-ahr.com/vendor/laravel/framework/src/Illuminate/Pipeline/Pipeline.php(183): Illuminate\\Cookie\\Middleware\\AddQueuedCookiesToResponse->handle()
#20 /home/kapahrco/public_html/twoday.kap-ahr.com/vendor/laravel/framework/src/Illuminate/Cookie/Middleware/EncryptCookies.php(75): Illuminate\\Pipeline\\Pipeline->Illuminate\\Pipeline\\{closure}()
#21 /home/kapahrco/public_html/twoday.kap-ahr.com/vendor/laravel/framework/src/Illuminate/Pipeline/Pipeline.php(183): Illuminate\\Cookie\\Middleware\\EncryptCookies->handle()
#22 /home/kapahrco/public_html/twoday.kap-ahr.com/vendor/laravel/framework/src/Illuminate/Pipeline/Pipeline.php(119): Illuminate\\Pipeline\\Pipeline->Illuminate\\Pipeline\\{closure}()
#23 /home/kapahrco/public_html/twoday.kap-ahr.com/vendor/laravel/framework/src/Illuminate/Routing/Router.php(805): Illuminate\\Pipeline\\Pipeline->then()
#24 /home/kapahrco/public_html/twoday.kap-ahr.com/vendor/laravel/framework/src/Illuminate/Routing/Router.php(784): Illuminate\\Routing\\Router->runRouteWithinStack()
#25 /home/kapahrco/public_html/twoday.kap-ahr.com/vendor/laravel/framework/src/Illuminate/Routing/Router.php(748): Illuminate\\Routing\\Router->runRoute()
#26 /home/kapahrco/public_html/twoday.kap-ahr.com/vendor/laravel/framework/src/Illuminate/Routing/Router.php(737): Illuminate\\Routing\\Router->dispatchToRoute()
#27 /home/kapahrco/public_html/twoday.kap-ahr.com/vendor/laravel/framework/src/Illuminate/Foundation/Http/Kernel.php(200): Illuminate\\Routing\\Router->dispatch()
#28 /home/kapahrco/public_html/twoday.kap-ahr.com/vendor/laravel/framework/src/Illuminate/Pipeline/Pipeline.php(144): Illuminate\\Foundation\\Http\\Kernel->Illuminate\\Foundation\\Http\\{closure}()
#29 /home/kapahrco/public_html/twoday.kap-ahr.com/vendor/laravel/framework/src/Illuminate/Foundation/Http/Middleware/TransformsRequest.php(21): Illuminate\\Pipeline\\Pipeline->Illuminate\\Pipeline\\{closure}()
#30 /home/kapahrco/public_html/twoday.kap-ahr.com/vendor/laravel/framework/src/Illuminate/Foundation/Http/Middleware/ConvertEmptyStringsToNull.php(31): Illuminate\\Foundation\\Http\\Middleware\\TransformsRequest->handle()
#31 /home/kapahrco/public_html/twoday.kap-ahr.com/vendor/laravel/framework/src/Illuminate/Pipeline/Pipeline.php(183): Illuminate\\Foundation\\Http\\Middleware\\ConvertEmptyStringsToNull->handle()
#32 /home/kapahrco/public_html/twoday.kap-ahr.com/vendor/laravel/framework/src/Illuminate/Foundation/Http/Middleware/TransformsRequest.php(21): Illuminate\\Pipeline\\Pipeline->Illuminate\\Pipeline\\{closure}()
#33 /home/kapahrco/public_html/twoday.kap-ahr.com/vendor/laravel/framework/src/Illuminate/Foundation/Http/Middleware/TrimStrings.php(51): Illuminate\\Foundation\\Http\\Middleware\\TransformsRequest->handle()
#34 /home/kapahrco/public_html/twoday.kap-ahr.com/vendor/laravel/framework/src/Illuminate/Pipeline/Pipeline.php(183): Illuminate\\Foundation\\Http\\Middleware\\TrimStrings->handle()
#35 /home/kapahrco/public_html/twoday.kap-ahr.com/vendor/laravel/framework/src/Illuminate/Http/Middleware/ValidatePostSize.php(27): Illuminate\\Pipeline\\Pipeline->Illuminate\\Pipeline\\{closure}()
#36 /home/kapahrco/public_html/twoday.kap-ahr.com/vendor/laravel/framework/src/Illuminate/Pipeline/Pipeline.php(183): Illuminate\\Http\\Middleware\\ValidatePostSize->handle()
#37 /home/kapahrco/public_html/twoday.kap-ahr.com/vendor/laravel/framework/src/Illuminate/Foundation/Http/Middleware/PreventRequestsDuringMaintenance.php(110): Illuminate\\Pipeline\\Pipeline->Illuminate\\Pipeline\\{closure}()
#38 /home/kapahrco/public_html/twoday.kap-ahr.com/vendor/laravel/framework/src/Illuminate/Pipeline/Pipeline.php(183): Illuminate\\Foundation\\Http\\Middleware\\PreventRequestsDuringMaintenance->handle()
#39 /home/kapahrco/public_html/twoday.kap-ahr.com/vendor/laravel/framework/src/Illuminate/Http/Middleware/HandleCors.php(49): Illuminate\\Pipeline\\Pipeline->Illuminate\\Pipeline\\{closure}()
#40 /home/kapahrco/public_html/twoday.kap-ahr.com/vendor/laravel/framework/src/Illuminate/Pipeline/Pipeline.php(183): Illuminate\\Http\\Middleware\\HandleCors->handle()
#41 /home/kapahrco/public_html/twoday.kap-ahr.com/vendor/laravel/framework/src/Illuminate/Http/Middleware/TrustProxies.php(57): Illuminate\\Pipeline\\Pipeline->Illuminate\\Pipeline\\{closure}()
#42 /home/kapahrco/public_html/twoday.kap-ahr.com/vendor/laravel/framework/src/Illuminate/Pipeline/Pipeline.php(183): Illuminate\\Http\\Middleware\\TrustProxies->handle()
#43 /home/kapahrco/public_html/twoday.kap-ahr.com/vendor/laravel/framework/src/Illuminate/Pipeline/Pipeline.php(119): Illuminate\\Pipeline\\Pipeline->Illuminate\\Pipeline\\{closure}()
#44 /home/kapahrco/public_html/twoday.kap-ahr.com/vendor/laravel/framework/src/Illuminate/Foundation/Http/Kernel.php(175): Illuminate\\Pipeline\\Pipeline->then()
#45 /home/kapahrco/public_html/twoday.kap-ahr.com/vendor/laravel/framework/src/Illuminate/Foundation/Http/Kernel.php(144): Illuminate\\Foundation\\Http\\Kernel->sendRequestThroughRouter()
#46 /home/kapahrco/public_html/twoday.kap-ahr.com/vendor/laravel/framework/src/Illuminate/Foundation/Application.php(1172): Illuminate\\Foundation\\Http\\Kernel->handle()
#47 /home/kapahrco/public_html/twoday.kap-ahr.com/public/index.php(17): Illuminate\\Foundation\\Application->handleRequest()
#48 /home/kapahrco/public_html/twoday.kap-ahr.com/server.php(14): require_once('/home/kapahrco/...')
#49 {main}

[previous exception] [object] (PDOException(code: 2003): SQLSTATE[HY000] [2003] Can't connect to MySQL server on '127.0.0.1:3307' (111) at /home/kapahrco/public_html/twoday.kap-ahr.com/vendor/laravel/framework/src/Illuminate/Database/Connectors/Connector.php:65)
[stacktrace]
#0 /home/kapahrco/public_html/twoday.kap-ahr.com/vendor/laravel/framework/src/Illuminate/Database/Connectors/Connector.php(65): PDO->__construct()
#1 /home/kapahrco/public_html/twoday.kap-ahr.com/vendor/laravel/framework/src/Illuminate/Database/Connectors/Connector.php(44): Illuminate\\Database\\Connectors\\Connector->createPdoConnection()
#2 /home/kapahrco/public_html/twoday.kap-ahr.com/vendor/laravel/framework/src/Illuminate/Database/Connectors/MySqlConnector.php(24): Illuminate\\Database\\Connectors\\Connector->createConnection()
#3 /home/kapahrco/public_html/twoday.kap-ahr.com/vendor/laravel/framework/src/Illuminate/Database/Connectors/ConnectionFactory.php(185): Illuminate\\Database\\Connectors\\MySqlConnector->connect()
#4 [internal function]: Illuminate\\Database\\Connectors\\ConnectionFactory->Illuminate\\Database\\Connectors\\{closure}()
#5 /home/kapahrco/public_html/twoday.kap-ahr.com/vendor/laravel/framework/src/Illuminate/Database/Connection.php(1219): call_user_func()
#6 /home/kapahrco/public_html/twoday.kap-ahr.com/vendor/laravel/framework/src/Illuminate/Database/Connection.php(1255): Illuminate\\Database\\Connection->getPdo()
#7 /home/kapahrco/public_html/twoday.kap-ahr.com/vendor/laravel/framework/src/Illuminate/Database/Connection.php(512): Illuminate\\Database\\Connection->getReadPdo()
#8 /home/kapahrco/public_html/twoday.kap-ahr.com/vendor/laravel/framework/src/Illuminate/Database/Connection.php(407): Illuminate\\Database\\Connection->getPdoForSelect()
#9 /home/kapahrco/public_html/twoday.kap-ahr.com/vendor/laravel/framework/src/Illuminate/Database/Connection.php(800): Illuminate\\Database\\Connection->Illuminate\\Database\\{closure}()
#10 /home/kapahrco/public_html/twoday.kap-ahr.com/vendor/laravel/framework/src/Illuminate/Database/Connection.php(767): Illuminate\\Database\\Connection->runQueryCallback()
#11 /home/kapahrco/public_html/twoday.kap-ahr.com/vendor/laravel/framework/src/Illuminate/Database/Connection.php(398): Illuminate\\Database\\Connection->run()
#12 /home/kapahrco/public_html/twoday.kap-ahr.com/vendor/laravel/framework/src/Illuminate/Database/Query/Builder.php(2934): Illuminate\\Database\\Connection->select()
#13 /home/kapahrco/public_html/twoday.kap-ahr.com/vendor/laravel/framework/src/Illuminate/Database/Query/Builder.php(2919): Illuminate\\Database\\Query\\Builder->runSelect()
#14 /home/kapahrco/public_html/twoday.kap-ahr.com/vendor/laravel/framework/src/Illuminate/Database/Query/Builder.php(3507): Illuminate\\Database\\Query\\Builder->Illuminate\\Database\\Query\\{closure}()
#15 /home/kapahrco/public_html/twoday.kap-ahr.com/vendor/laravel/framework/src/Illuminate/Database/Query/Builder.php(2918): Illuminate\\Database\\Query\\Builder->onceWithColumns()
#16 /home/kapahrco/public_html/twoday.kap-ahr.com/vendor/laravel/framework/src/Illuminate/Database/Concerns/BuildsQueries.php(335): Illuminate\\Database\\Query\\Builder->get()
#17 /home/kapahrco/public_html/twoday.kap-ahr.com/vendor/laravel/framework/src/Illuminate/Database/Query/Builder.php(2841): Illuminate\\Database\\Query\\Builder->first()
#18 /home/kapahrco/public_html/twoday.kap-ahr.com/vendor/laravel/framework/src/Illuminate/Session/DatabaseSessionHandler.php(97): Illuminate\\Database\\Query\\Builder->find()
#19 /home/kapahrco/public_html/twoday.kap-ahr.com/vendor/laravel/framework/src/Illuminate/Session/Store.php(113): Illuminate\\Session\\DatabaseSessionHandler->read()
#20 /home/kapahrco/public_html/twoday.kap-ahr.com/vendor/laravel/framework/src/Illuminate/Session/Store.php(101): Illuminate\\Session\\Store->readFromHandler()
#21 /home/kapahrco/public_html/twoday.kap-ahr.com/vendor/laravel/framework/src/Illuminate/Session/Store.php(85): Illuminate\\Session\\Store->loadSession()
#22 /home/kapahrco/public_html/twoday.kap-ahr.com/vendor/laravel/framework/src/Illuminate/Session/Middleware/StartSession.php(147): Illuminate\\Session\\Store->start()
#23 /home/kapahrco/public_html/twoday.kap-ahr.com/vendor/laravel/framework/src/Illuminate/Support/helpers.php(359): Illuminate\\Session\\Middleware\\StartSession->Illuminate\\Session\\Middleware\\{closure}()
#24 /home/kapahrco/public_html/twoday.kap-ahr.com/vendor/laravel/framework/src/Illuminate/Session/Middleware/StartSession.php(144): tap()
#25 /home/kapahrco/public_html/twoday.kap-ahr.com/vendor/laravel/framework/src/Illuminate/Session/Middleware/StartSession.php(116): Illuminate\\Session\\Middleware\\StartSession->startSession()
#26 /home/kapahrco/public_html/twoday.kap-ahr.com/vendor/laravel/framework/src/Illuminate/Session/Middleware/StartSession.php(64): Illuminate\\Session\\Middleware\\StartSession->handleStatefulRequest()
#27 /home/kapahrco/public_html/twoday.kap-ahr.com/vendor/laravel/framework/src/Illuminate/Pipeline/Pipeline.php(183): Illuminate\\Session\\Middleware\\StartSession->handle()
#28 /home/kapahrco/public_html/twoday.kap-ahr.com/vendor/laravel/framework/src/Illuminate/Cookie/Middleware/AddQueuedCookiesToResponse.php(37): Illuminate\\Pipeline\\Pipeline->Illuminate\\Pipeline\\{closure}()
#29 /home/kapahrco/public_html/twoday.kap-ahr.com/vendor/laravel/framework/src/Illuminate/Pipeline/Pipeline.php(183): Illuminate\\Cookie\\Middleware\\AddQueuedCookiesToResponse->handle()
#30 /home/kapahrco/public_html/twoday.kap-ahr.com/vendor/laravel/framework/src/Illuminate/Cookie/Middleware/EncryptCookies.php(75): Illuminate\\Pipeline\\Pipeline->Illuminate\\Pipeline\\{closure}()
#31 /home/kapahrco/public_html/twoday.kap-ahr.com/vendor/laravel/framework/src/Illuminate/Pipeline/Pipeline.php(183): Illuminate\\Cookie\\Middleware\\EncryptCookies->handle()
#32 /home/kapahrco/public_html/twoday.kap-ahr.com/vendor/laravel/framework/src/Illuminate/Pipeline/Pipeline.php(119): Illuminate\\Pipeline\\Pipeline->Illuminate\\Pipeline\\{closure}()
#33 /home/kapahrco/public_html/twoday.kap-ahr.com/vendor/laravel/framework/src/Illuminate/Routing/Router.php(805): Illuminate\\Pipeline\\Pipeline->then()
#34 /home/kapahrco/public_html/twoday.kap-ahr.com/vendor/laravel/framework/src/Illuminate/Routing/Router.php(784): Illuminate\\Routing\\Router->runRouteWithinStack()
#35 /home/kapahrco/public_html/twoday.kap-ahr.com/vendor/laravel/framework/src/Illuminate/Routing/Router.php(748): Illuminate\\Routing\\Router->runRoute()
#36 /home/kapahrco/public_html/twoday.kap-ahr.com/vendor/laravel/framework/src/Illuminate/Routing/Router.php(737): Illuminate\\Routing\\Router->dispatchToRoute()
#37 /home/kapahrco/public_html/twoday.kap-ahr.com/vendor/laravel/framework/src/Illuminate/Foundation/Http/Kernel.php(200): Illuminate\\Routing\\Router->dispatch()
#38 /home/kapahrco/public_html/twoday.kap-ahr.com/vendor/laravel/framework/src/Illuminate/Pipeline/Pipeline.php(144): Illuminate\\Foundation\\Http\\Kernel->Illuminate\\Foundation\\Http\\{closure}()
#39 /home/kapahrco/public_html/twoday.kap-ahr.com/vendor/laravel/framework/src/Illuminate/Foundation/Http/Middleware/TransformsRequest.php(21): Illuminate\\Pipeline\\Pipeline->Illuminate\\Pipeline\\{closure}()
#40 /home/kapahrco/public_html/twoday.kap-ahr.com/vendor/laravel/framework/src/Illuminate/Foundation/Http/Middleware/ConvertEmptyStringsToNull.php(31): Illuminate\\Foundation\\Http\\Middleware\\TransformsRequest->handle()
#41 /home/kapahrco/public_html/twoday.kap-ahr.com/vendor/laravel/framework/src/Illuminate/Pipeline/Pipeline.php(183): Illuminate\\Foundation\\Http\\Middleware\\ConvertEmptyStringsToNull->handle()
#42 /home/kapahrco/public_html/twoday.kap-ahr.com/vendor/laravel/framework/src/Illuminate/Foundation/Http/Middleware/TransformsRequest.php(21): Illuminate\\Pipeline\\Pipeline->Illuminate\\Pipeline\\{closure}()
#43 /home/kapahrco/public_html/twoday.kap-ahr.com/vendor/laravel/framework/src/Illuminate/Foundation/Http/Middleware/TrimStrings.php(51): Illuminate\\Foundation\\Http\\Middleware\\TransformsRequest->handle()
#44 /home/kapahrco/public_html/twoday.kap-ahr.com/vendor/laravel/framework/src/Illuminate/Pipeline/Pipeline.php(183): Illuminate\\Foundation\\Http\\Middleware\\TrimStrings->handle()
#45 /home/kapahrco/public_html/twoday.kap-ahr.com/vendor/laravel/framework/src/Illuminate/Http/Middleware/ValidatePostSize.php(27): Illuminate\\Pipeline\\Pipeline->Illuminate\\Pipeline\\{closure}()
#46 /home/kapahrco/public_html/twoday.kap-ahr.com/vendor/laravel/framework/src/Illuminate/Pipeline/Pipeline.php(183): Illuminate\\Http\\Middleware\\ValidatePostSize->handle()
#47 /home/kapahrco/public_html/twoday.kap-ahr.com/vendor/laravel/framework/src/Illuminate/Foundation/Http/Middleware/PreventRequestsDuringMaintenance.php(110): Illuminate\\Pipeline\\Pipeline->Illuminate\\Pipeline\\{closure}()
#48 /home/kapahrco/public_html/twoday.kap-ahr.com/vendor/laravel/framework/src/Illuminate/Pipeline/Pipeline.php(183): Illuminate\\Foundation\\Http\\Middleware\\PreventRequestsDuringMaintenance->handle()
#49 /home/kapahrco/public_html/twoday.kap-ahr.com/vendor/laravel/framework/src/Illuminate/Http/Middleware/HandleCors.php(49): Illuminate\\Pipeline\\Pipeline->Illuminate\\Pipeline\\{closure}()
#50 /home/kapahrco/public_html/twoday.kap-ahr.com/vendor/laravel/framework/src/Illuminate/Pipeline/Pipeline.php(183): Illuminate\\Http\\Middleware\\HandleCors->handle()
#51 /home/kapahrco/public_html/twoday.kap-ahr.com/vendor/laravel/framework/src/Illuminate/Http/Middleware/TrustProxies.php(57): Illuminate\\Pipeline\\Pipeline->Illuminate\\Pipeline\\{closure}()
#52 /home/kapahrco/public_html/twoday.kap-ahr.com/vendor/laravel/framework/src/Illuminate/Pipeline/Pipeline.php(183): Illuminate\\Http\\Middleware\\TrustProxies->handle()
#53 /home/kapahrco/public_html/twoday.kap-ahr.com/vendor/laravel/framework/src/Illuminate/Pipeline/Pipeline.php(119): Illuminate\\Pipeline\\Pipeline->Illuminate\\Pipeline\\{closure}()
#54 /home/kapahrco/public_html/twoday.kap-ahr.com/vendor/laravel/framework/src/Illuminate/Foundation/Http/Kernel.php(175): Illuminate\\Pipeline\\Pipeline->then()
#55 /home/kapahrco/public_html/twoday.kap-ahr.com/vendor/laravel/framework/src/Illuminate/Foundation/Http/Kernel.php(144): Illuminate\\Foundation\\Http\\Kernel->sendRequestThroughRouter()
#56 /home/kapahrco/public_html/twoday.kap-ahr.com/vendor/laravel/framework/src/Illuminate/Foundation/Application.php(1172): Illuminate\\Foundation\\Http\\Kernel->handle()
#57 /home/kapahrco/public_html/twoday.kap-ahr.com/public/index.php(17): Illuminate\\Foundation\\Application->handleRequest()
#58 /home/kapahrco/public_html/twoday.kap-ahr.com/server.php(14): require_once('/home/kapahrco/...')
#59 {main}
"} 
[2024-05-26 05:10:44] local.ERROR: SQLSTATE[HY000] [2003] Can't connect to MySQL server on '127.0.0.1:3307' (111) (Connection: mysql, SQL: select * from `sessions` where `id` = lAIdHuUmzjA8UHFQiOEpiWSoYYCmknBCtHja2Hhi limit 1) {"exception":"[object] (Illuminate\\Database\\QueryException(code: 2003): SQLSTATE[HY000] [2003] Can't connect to MySQL server on '127.0.0.1:3307' (111) (Connection: mysql, SQL: select * from `sessions` where `id` = lAIdHuUmzjA8UHFQiOEpiWSoYYCmknBCtHja2Hhi limit 1) at /home/kapahrco/public_html/twoday.kap-ahr.com/vendor/laravel/framework/src/Illuminate/Database/Connection.php:813)
[stacktrace]
#0 /home/kapahrco/public_html/twoday.kap-ahr.com/vendor/laravel/framework/src/Illuminate/Database/Connection.php(767): Illuminate\\Database\\Connection->runQueryCallback()
#1 /home/kapahrco/public_html/twoday.kap-ahr.com/vendor/laravel/framework/src/Illuminate/Database/Connection.php(398): Illuminate\\Database\\Connection->run()
#2 /home/kapahrco/public_html/twoday.kap-ahr.com/vendor/laravel/framework/src/Illuminate/Database/Query/Builder.php(2934): Illuminate\\Database\\Connection->select()
#3 /home/kapahrco/public_html/twoday.kap-ahr.com/vendor/laravel/framework/src/Illuminate/Database/Query/Builder.php(2919): Illuminate\\Database\\Query\\Builder->runSelect()
#4 /home/kapahrco/public_html/twoday.kap-ahr.com/vendor/laravel/framework/src/Illuminate/Database/Query/Builder.php(3507): Illuminate\\Database\\Query\\Builder->Illuminate\\Database\\Query\\{closure}()
#5 /home/kapahrco/public_html/twoday.kap-ahr.com/vendor/laravel/framework/src/Illuminate/Database/Query/Builder.php(2918): Illuminate\\Database\\Query\\Builder->onceWithColumns()
#6 /home/kapahrco/public_html/twoday.kap-ahr.com/vendor/laravel/framework/src/Illuminate/Database/Concerns/BuildsQueries.php(335): Illuminate\\Database\\Query\\Builder->get()
#7 /home/kapahrco/public_html/twoday.kap-ahr.com/vendor/laravel/framework/src/Illuminate/Database/Query/Builder.php(2841): Illuminate\\Database\\Query\\Builder->first()
#8 /home/kapahrco/public_html/twoday.kap-ahr.com/vendor/laravel/framework/src/Illuminate/Session/DatabaseSessionHandler.php(97): Illuminate\\Database\\Query\\Builder->find()
#9 /home/kapahrco/public_html/twoday.kap-ahr.com/vendor/laravel/framework/src/Illuminate/Session/Store.php(113): Illuminate\\Session\\DatabaseSessionHandler->read()
#10 /home/kapahrco/public_html/twoday.kap-ahr.com/vendor/laravel/framework/src/Illuminate/Session/Store.php(101): Illuminate\\Session\\Store->readFromHandler()
#11 /home/kapahrco/public_html/twoday.kap-ahr.com/vendor/laravel/framework/src/Illuminate/Session/Store.php(85): Illuminate\\Session\\Store->loadSession()
#12 /home/kapahrco/public_html/twoday.kap-ahr.com/vendor/laravel/framework/src/Illuminate/Session/Middleware/StartSession.php(147): Illuminate\\Session\\Store->start()
#13 /home/kapahrco/public_html/twoday.kap-ahr.com/vendor/laravel/framework/src/Illuminate/Support/helpers.php(359): Illuminate\\Session\\Middleware\\StartSession->Illuminate\\Session\\Middleware\\{closure}()
#14 /home/kapahrco/public_html/twoday.kap-ahr.com/vendor/laravel/framework/src/Illuminate/Session/Middleware/StartSession.php(144): tap()
#15 /home/kapahrco/public_html/twoday.kap-ahr.com/vendor/laravel/framework/src/Illuminate/Session/Middleware/StartSession.php(116): Illuminate\\Session\\Middleware\\StartSession->startSession()
#16 /home/kapahrco/public_html/twoday.kap-ahr.com/vendor/laravel/framework/src/Illuminate/Session/Middleware/StartSession.php(64): Illuminate\\Session\\Middleware\\StartSession->handleStatefulRequest()
#17 /home/kapahrco/public_html/twoday.kap-ahr.com/vendor/laravel/framework/src/Illuminate/Pipeline/Pipeline.php(183): Illuminate\\Session\\Middleware\\StartSession->handle()
#18 /home/kapahrco/public_html/twoday.kap-ahr.com/vendor/laravel/framework/src/Illuminate/Cookie/Middleware/AddQueuedCookiesToResponse.php(37): Illuminate\\Pipeline\\Pipeline->Illuminate\\Pipeline\\{closure}()
#19 /home/kapahrco/public_html/twoday.kap-ahr.com/vendor/laravel/framework/src/Illuminate/Pipeline/Pipeline.php(183): Illuminate\\Cookie\\Middleware\\AddQueuedCookiesToResponse->handle()
#20 /home/kapahrco/public_html/twoday.kap-ahr.com/vendor/laravel/framework/src/Illuminate/Cookie/Middleware/EncryptCookies.php(75): Illuminate\\Pipeline\\Pipeline->Illuminate\\Pipeline\\{closure}()
#21 /home/kapahrco/public_html/twoday.kap-ahr.com/vendor/laravel/framework/src/Illuminate/Pipeline/Pipeline.php(183): Illuminate\\Cookie\\Middleware\\EncryptCookies->handle()
#22 /home/kapahrco/public_html/twoday.kap-ahr.com/vendor/laravel/framework/src/Illuminate/Pipeline/Pipeline.php(119): Illuminate\\Pipeline\\Pipeline->Illuminate\\Pipeline\\{closure}()
#23 /home/kapahrco/public_html/twoday.kap-ahr.com/vendor/laravel/framework/src/Illuminate/Routing/Router.php(805): Illuminate\\Pipeline\\Pipeline->then()
#24 /home/kapahrco/public_html/twoday.kap-ahr.com/vendor/laravel/framework/src/Illuminate/Routing/Router.php(784): Illuminate\\Routing\\Router->runRouteWithinStack()
#25 /home/kapahrco/public_html/twoday.kap-ahr.com/vendor/laravel/framework/src/Illuminate/Routing/Router.php(748): Illuminate\\Routing\\Router->runRoute()
#26 /home/kapahrco/public_html/twoday.kap-ahr.com/vendor/laravel/framework/src/Illuminate/Routing/Router.php(737): Illuminate\\Routing\\Router->dispatchToRoute()
#27 /home/kapahrco/public_html/twoday.kap-ahr.com/vendor/laravel/framework/src/Illuminate/Foundation/Http/Kernel.php(200): Illuminate\\Routing\\Router->dispatch()
#28 /home/kapahrco/public_html/twoday.kap-ahr.com/vendor/laravel/framework/src/Illuminate/Pipeline/Pipeline.php(144): Illuminate\\Foundation\\Http\\Kernel->Illuminate\\Foundation\\Http\\{closure}()
#29 /home/kapahrco/public_html/twoday.kap-ahr.com/vendor/laravel/framework/src/Illuminate/Foundation/Http/Middleware/TransformsRequest.php(21): Illuminate\\Pipeline\\Pipeline->Illuminate\\Pipeline\\{closure}()
#30 /home/kapahrco/public_html/twoday.kap-ahr.com/vendor/laravel/framework/src/Illuminate/Foundation/Http/Middleware/ConvertEmptyStringsToNull.php(31): Illuminate\\Foundation\\Http\\Middleware\\TransformsRequest->handle()
#31 /home/kapahrco/public_html/twoday.kap-ahr.com/vendor/laravel/framework/src/Illuminate/Pipeline/Pipeline.php(183): Illuminate\\Foundation\\Http\\Middleware\\ConvertEmptyStringsToNull->handle()
#32 /home/kapahrco/public_html/twoday.kap-ahr.com/vendor/laravel/framework/src/Illuminate/Foundation/Http/Middleware/TransformsRequest.php(21): Illuminate\\Pipeline\\Pipeline->Illuminate\\Pipeline\\{closure}()
#33 /home/kapahrco/public_html/twoday.kap-ahr.com/vendor/laravel/framework/src/Illuminate/Foundation/Http/Middleware/TrimStrings.php(51): Illuminate\\Foundation\\Http\\Middleware\\TransformsRequest->handle()
#34 /home/kapahrco/public_html/twoday.kap-ahr.com/vendor/laravel/framework/src/Illuminate/Pipeline/Pipeline.php(183): Illuminate\\Foundation\\Http\\Middleware\\TrimStrings->handle()
#35 /home/kapahrco/public_html/twoday.kap-ahr.com/vendor/laravel/framework/src/Illuminate/Http/Middleware/ValidatePostSize.php(27): Illuminate\\Pipeline\\Pipeline->Illuminate\\Pipeline\\{closure}()
#36 /home/kapahrco/public_html/twoday.kap-ahr.com/vendor/laravel/framework/src/Illuminate/Pipeline/Pipeline.php(183): Illuminate\\Http\\Middleware\\ValidatePostSize->handle()
#37 /home/kapahrco/public_html/twoday.kap-ahr.com/vendor/laravel/framework/src/Illuminate/Foundation/Http/Middleware/PreventRequestsDuringMaintenance.php(110): Illuminate\\Pipeline\\Pipeline->Illuminate\\Pipeline\\{closure}()
#38 /home/kapahrco/public_html/twoday.kap-ahr.com/vendor/laravel/framework/src/Illuminate/Pipeline/Pipeline.php(183): Illuminate\\Foundation\\Http\\Middleware\\PreventRequestsDuringMaintenance->handle()
#39 /home/kapahrco/public_html/twoday.kap-ahr.com/vendor/laravel/framework/src/Illuminate/Http/Middleware/HandleCors.php(49): Illuminate\\Pipeline\\Pipeline->Illuminate\\Pipeline\\{closure}()
#40 /home/kapahrco/public_html/twoday.kap-ahr.com/vendor/laravel/framework/src/Illuminate/Pipeline/Pipeline.php(183): Illuminate\\Http\\Middleware\\HandleCors->handle()
#41 /home/kapahrco/public_html/twoday.kap-ahr.com/vendor/laravel/framework/src/Illuminate/Http/Middleware/TrustProxies.php(57): Illuminate\\Pipeline\\Pipeline->Illuminate\\Pipeline\\{closure}()
#42 /home/kapahrco/public_html/twoday.kap-ahr.com/vendor/laravel/framework/src/Illuminate/Pipeline/Pipeline.php(183): Illuminate\\Http\\Middleware\\TrustProxies->handle()
#43 /home/kapahrco/public_html/twoday.kap-ahr.com/vendor/laravel/framework/src/Illuminate/Pipeline/Pipeline.php(119): Illuminate\\Pipeline\\Pipeline->Illuminate\\Pipeline\\{closure}()
#44 /home/kapahrco/public_html/twoday.kap-ahr.com/vendor/laravel/framework/src/Illuminate/Foundation/Http/Kernel.php(175): Illuminate\\Pipeline\\Pipeline->then()
#45 /home/kapahrco/public_html/twoday.kap-ahr.com/vendor/laravel/framework/src/Illuminate/Foundation/Http/Kernel.php(144): Illuminate\\Foundation\\Http\\Kernel->sendRequestThroughRouter()
#46 /home/kapahrco/public_html/twoday.kap-ahr.com/vendor/laravel/framework/src/Illuminate/Foundation/Application.php(1172): Illuminate\\Foundation\\Http\\Kernel->handle()
#47 /home/kapahrco/public_html/twoday.kap-ahr.com/public/index.php(17): Illuminate\\Foundation\\Application->handleRequest()
#48 /home/kapahrco/public_html/twoday.kap-ahr.com/server.php(14): require_once('/home/kapahrco/...')
#49 {main}

[previous exception] [object] (PDOException(code: 2003): SQLSTATE[HY000] [2003] Can't connect to MySQL server on '127.0.0.1:3307' (111) at /home/kapahrco/public_html/twoday.kap-ahr.com/vendor/laravel/framework/src/Illuminate/Database/Connectors/Connector.php:65)
[stacktrace]
#0 /home/kapahrco/public_html/twoday.kap-ahr.com/vendor/laravel/framework/src/Illuminate/Database/Connectors/Connector.php(65): PDO->__construct()
#1 /home/kapahrco/public_html/twoday.kap-ahr.com/vendor/laravel/framework/src/Illuminate/Database/Connectors/Connector.php(44): Illuminate\\Database\\Connectors\\Connector->createPdoConnection()
#2 /home/kapahrco/public_html/twoday.kap-ahr.com/vendor/laravel/framework/src/Illuminate/Database/Connectors/MySqlConnector.php(24): Illuminate\\Database\\Connectors\\Connector->createConnection()
#3 /home/kapahrco/public_html/twoday.kap-ahr.com/vendor/laravel/framework/src/Illuminate/Database/Connectors/ConnectionFactory.php(185): Illuminate\\Database\\Connectors\\MySqlConnector->connect()
#4 [internal function]: Illuminate\\Database\\Connectors\\ConnectionFactory->Illuminate\\Database\\Connectors\\{closure}()
#5 /home/kapahrco/public_html/twoday.kap-ahr.com/vendor/laravel/framework/src/Illuminate/Database/Connection.php(1219): call_user_func()
#6 /home/kapahrco/public_html/twoday.kap-ahr.com/vendor/laravel/framework/src/Illuminate/Database/Connection.php(1255): Illuminate\\Database\\Connection->getPdo()
#7 /home/kapahrco/public_html/twoday.kap-ahr.com/vendor/laravel/framework/src/Illuminate/Database/Connection.php(512): Illuminate\\Database\\Connection->getReadPdo()
#8 /home/kapahrco/public_html/twoday.kap-ahr.com/vendor/laravel/framework/src/Illuminate/Database/Connection.php(407): Illuminate\\Database\\Connection->getPdoForSelect()
#9 /home/kapahrco/public_html/twoday.kap-ahr.com/vendor/laravel/framework/src/Illuminate/Database/Connection.php(800): Illuminate\\Database\\Connection->Illuminate\\Database\\{closure}()
#10 /home/kapahrco/public_html/twoday.kap-ahr.com/vendor/laravel/framework/src/Illuminate/Database/Connection.php(767): Illuminate\\Database\\Connection->runQueryCallback()
#11 /home/kapahrco/public_html/twoday.kap-ahr.com/vendor/laravel/framework/src/Illuminate/Database/Connection.php(398): Illuminate\\Database\\Connection->run()
#12 /home/kapahrco/public_html/twoday.kap-ahr.com/vendor/laravel/framework/src/Illuminate/Database/Query/Builder.php(2934): Illuminate\\Database\\Connection->select()
#13 /home/kapahrco/public_html/twoday.kap-ahr.com/vendor/laravel/framework/src/Illuminate/Database/Query/Builder.php(2919): Illuminate\\Database\\Query\\Builder->runSelect()
#14 /home/kapahrco/public_html/twoday.kap-ahr.com/vendor/laravel/framework/src/Illuminate/Database/Query/Builder.php(3507): Illuminate\\Database\\Query\\Builder->Illuminate\\Database\\Query\\{closure}()
#15 /home/kapahrco/public_html/twoday.kap-ahr.com/vendor/laravel/framework/src/Illuminate/Database/Query/Builder.php(2918): Illuminate\\Database\\Query\\Builder->onceWithColumns()
#16 /home/kapahrco/public_html/twoday.kap-ahr.com/vendor/laravel/framework/src/Illuminate/Database/Concerns/BuildsQueries.php(335): Illuminate\\Database\\Query\\Builder->get()
#17 /home/kapahrco/public_html/twoday.kap-ahr.com/vendor/laravel/framework/src/Illuminate/Database/Query/Builder.php(2841): Illuminate\\Database\\Query\\Builder->first()
#18 /home/kapahrco/public_html/twoday.kap-ahr.com/vendor/laravel/framework/src/Illuminate/Session/DatabaseSessionHandler.php(97): Illuminate\\Database\\Query\\Builder->find()
#19 /home/kapahrco/public_html/twoday.kap-ahr.com/vendor/laravel/framework/src/Illuminate/Session/Store.php(113): Illuminate\\Session\\DatabaseSessionHandler->read()
#20 /home/kapahrco/public_html/twoday.kap-ahr.com/vendor/laravel/framework/src/Illuminate/Session/Store.php(101): Illuminate\\Session\\Store->readFromHandler()
#21 /home/kapahrco/public_html/twoday.kap-ahr.com/vendor/laravel/framework/src/Illuminate/Session/Store.php(85): Illuminate\\Session\\Store->loadSession()
#22 /home/kapahrco/public_html/twoday.kap-ahr.com/vendor/laravel/framework/src/Illuminate/Session/Middleware/StartSession.php(147): Illuminate\\Session\\Store->start()
#23 /home/kapahrco/public_html/twoday.kap-ahr.com/vendor/laravel/framework/src/Illuminate/Support/helpers.php(359): Illuminate\\Session\\Middleware\\StartSession->Illuminate\\Session\\Middleware\\{closure}()
#24 /home/kapahrco/public_html/twoday.kap-ahr.com/vendor/laravel/framework/src/Illuminate/Session/Middleware/StartSession.php(144): tap()
#25 /home/kapahrco/public_html/twoday.kap-ahr.com/vendor/laravel/framework/src/Illuminate/Session/Middleware/StartSession.php(116): Illuminate\\Session\\Middleware\\StartSession->startSession()
#26 /home/kapahrco/public_html/twoday.kap-ahr.com/vendor/laravel/framework/src/Illuminate/Session/Middleware/StartSession.php(64): Illuminate\\Session\\Middleware\\StartSession->handleStatefulRequest()
#27 /home/kapahrco/public_html/twoday.kap-ahr.com/vendor/laravel/framework/src/Illuminate/Pipeline/Pipeline.php(183): Illuminate\\Session\\Middleware\\StartSession->handle()
#28 /home/kapahrco/public_html/twoday.kap-ahr.com/vendor/laravel/framework/src/Illuminate/Cookie/Middleware/AddQueuedCookiesToResponse.php(37): Illuminate\\Pipeline\\Pipeline->Illuminate\\Pipeline\\{closure}()
#29 /home/kapahrco/public_html/twoday.kap-ahr.com/vendor/laravel/framework/src/Illuminate/Pipeline/Pipeline.php(183): Illuminate\\Cookie\\Middleware\\AddQueuedCookiesToResponse->handle()
#30 /home/kapahrco/public_html/twoday.kap-ahr.com/vendor/laravel/framework/src/Illuminate/Cookie/Middleware/EncryptCookies.php(75): Illuminate\\Pipeline\\Pipeline->Illuminate\\Pipeline\\{closure}()
#31 /home/kapahrco/public_html/twoday.kap-ahr.com/vendor/laravel/framework/src/Illuminate/Pipeline/Pipeline.php(183): Illuminate\\Cookie\\Middleware\\EncryptCookies->handle()
#32 /home/kapahrco/public_html/twoday.kap-ahr.com/vendor/laravel/framework/src/Illuminate/Pipeline/Pipeline.php(119): Illuminate\\Pipeline\\Pipeline->Illuminate\\Pipeline\\{closure}()
#33 /home/kapahrco/public_html/twoday.kap-ahr.com/vendor/laravel/framework/src/Illuminate/Routing/Router.php(805): Illuminate\\Pipeline\\Pipeline->then()
#34 /home/kapahrco/public_html/twoday.kap-ahr.com/vendor/laravel/framework/src/Illuminate/Routing/Router.php(784): Illuminate\\Routing\\Router->runRouteWithinStack()
#35 /home/kapahrco/public_html/twoday.kap-ahr.com/vendor/laravel/framework/src/Illuminate/Routing/Router.php(748): Illuminate\\Routing\\Router->runRoute()
#36 /home/kapahrco/public_html/twoday.kap-ahr.com/vendor/laravel/framework/src/Illuminate/Routing/Router.php(737): Illuminate\\Routing\\Router->dispatchToRoute()
#37 /home/kapahrco/public_html/twoday.kap-ahr.com/vendor/laravel/framework/src/Illuminate/Foundation/Http/Kernel.php(200): Illuminate\\Routing\\Router->dispatch()
#38 /home/kapahrco/public_html/twoday.kap-ahr.com/vendor/laravel/framework/src/Illuminate/Pipeline/Pipeline.php(144): Illuminate\\Foundation\\Http\\Kernel->Illuminate\\Foundation\\Http\\{closure}()
#39 /home/kapahrco/public_html/twoday.kap-ahr.com/vendor/laravel/framework/src/Illuminate/Foundation/Http/Middleware/TransformsRequest.php(21): Illuminate\\Pipeline\\Pipeline->Illuminate\\Pipeline\\{closure}()
#40 /home/kapahrco/public_html/twoday.kap-ahr.com/vendor/laravel/framework/src/Illuminate/Foundation/Http/Middleware/ConvertEmptyStringsToNull.php(31): Illuminate\\Foundation\\Http\\Middleware\\TransformsRequest->handle()
#41 /home/kapahrco/public_html/twoday.kap-ahr.com/vendor/laravel/framework/src/Illuminate/Pipeline/Pipeline.php(183): Illuminate\\Foundation\\Http\\Middleware\\ConvertEmptyStringsToNull->handle()
#42 /home/kapahrco/public_html/twoday.kap-ahr.com/vendor/laravel/framework/src/Illuminate/Foundation/Http/Middleware/TransformsRequest.php(21): Illuminate\\Pipeline\\Pipeline->Illuminate\\Pipeline\\{closure}()
#43 /home/kapahrco/public_html/twoday.kap-ahr.com/vendor/laravel/framework/src/Illuminate/Foundation/Http/Middleware/TrimStrings.php(51): Illuminate\\Foundation\\Http\\Middleware\\TransformsRequest->handle()
#44 /home/kapahrco/public_html/twoday.kap-ahr.com/vendor/laravel/framework/src/Illuminate/Pipeline/Pipeline.php(183): Illuminate\\Foundation\\Http\\Middleware\\TrimStrings->handle()
#45 /home/kapahrco/public_html/twoday.kap-ahr.com/vendor/laravel/framework/src/Illuminate/Http/Middleware/ValidatePostSize.php(27): Illuminate\\Pipeline\\Pipeline->Illuminate\\Pipeline\\{closure}()
#46 /home/kapahrco/public_html/twoday.kap-ahr.com/vendor/laravel/framework/src/Illuminate/Pipeline/Pipeline.php(183): Illuminate\\Http\\Middleware\\ValidatePostSize->handle()
#47 /home/kapahrco/public_html/twoday.kap-ahr.com/vendor/laravel/framework/src/Illuminate/Foundation/Http/Middleware/PreventRequestsDuringMaintenance.php(110): Illuminate\\Pipeline\\Pipeline->Illuminate\\Pipeline\\{closure}()
#48 /home/kapahrco/public_html/twoday.kap-ahr.com/vendor/laravel/framework/src/Illuminate/Pipeline/Pipeline.php(183): Illuminate\\Foundation\\Http\\Middleware\\PreventRequestsDuringMaintenance->handle()
#49 /home/kapahrco/public_html/twoday.kap-ahr.com/vendor/laravel/framework/src/Illuminate/Http/Middleware/HandleCors.php(49): Illuminate\\Pipeline\\Pipeline->Illuminate\\Pipeline\\{closure}()
#50 /home/kapahrco/public_html/twoday.kap-ahr.com/vendor/laravel/framework/src/Illuminate/Pipeline/Pipeline.php(183): Illuminate\\Http\\Middleware\\HandleCors->handle()
#51 /home/kapahrco/public_html/twoday.kap-ahr.com/vendor/laravel/framework/src/Illuminate/Http/Middleware/TrustProxies.php(57): Illuminate\\Pipeline\\Pipeline->Illuminate\\Pipeline\\{closure}()
#52 /home/kapahrco/public_html/twoday.kap-ahr.com/vendor/laravel/framework/src/Illuminate/Pipeline/Pipeline.php(183): Illuminate\\Http\\Middleware\\TrustProxies->handle()
#53 /home/kapahrco/public_html/twoday.kap-ahr.com/vendor/laravel/framework/src/Illuminate/Pipeline/Pipeline.php(119): Illuminate\\Pipeline\\Pipeline->Illuminate\\Pipeline\\{closure}()
#54 /home/kapahrco/public_html/twoday.kap-ahr.com/vendor/laravel/framework/src/Illuminate/Foundation/Http/Kernel.php(175): Illuminate\\Pipeline\\Pipeline->then()
#55 /home/kapahrco/public_html/twoday.kap-ahr.com/vendor/laravel/framework/src/Illuminate/Foundation/Http/Kernel.php(144): Illuminate\\Foundation\\Http\\Kernel->sendRequestThroughRouter()
#56 /home/kapahrco/public_html/twoday.kap-ahr.com/vendor/laravel/framework/src/Illuminate/Foundation/Application.php(1172): Illuminate\\Foundation\\Http\\Kernel->handle()
#57 /home/kapahrco/public_html/twoday.kap-ahr.com/public/index.php(17): Illuminate\\Foundation\\Application->handleRequest()
#58 /home/kapahrco/public_html/twoday.kap-ahr.com/server.php(14): require_once('/home/kapahrco/...')
#59 {main}
"} 
[2024-05-26 05:11:34] local.ERROR: The "D:\Freelance\Ibu Ikbal\website_three_admin\resources\views" directory does not exist. {"exception":"[object] (Symfony\\Component\\Finder\\Exception\\DirectoryNotFoundException(code: 0): The \"D:\\Freelance\\Ibu Ikbal\\website_three_admin\\resources\\views\" directory does not exist. at /home/kapahrco/public_html/twoday.kap-ahr.com/vendor/symfony/finder/Finder.php:646)
[stacktrace]
#0 /home/kapahrco/public_html/twoday.kap-ahr.com/vendor/laravel/framework/src/Illuminate/Foundation/Console/ViewCacheCommand.php(88): Symfony\\Component\\Finder\\Finder->in()
#1 /home/kapahrco/public_html/twoday.kap-ahr.com/vendor/laravel/framework/src/Illuminate/Foundation/Console/ViewCacheCommand.php(43): Illuminate\\Foundation\\Console\\ViewCacheCommand->bladeFilesIn()
#2 /home/kapahrco/public_html/twoday.kap-ahr.com/vendor/laravel/framework/src/Illuminate/Collections/Traits/EnumeratesValues.php(237): Illuminate\\Foundation\\Console\\ViewCacheCommand->Illuminate\\Foundation\\Console\\{closure}()
#3 /home/kapahrco/public_html/twoday.kap-ahr.com/vendor/laravel/framework/src/Illuminate/Foundation/Console/ViewCacheCommand.php(38): Illuminate\\Support\\Collection->each()
#4 /home/kapahrco/public_html/twoday.kap-ahr.com/vendor/laravel/framework/src/Illuminate/Container/BoundMethod.php(36): Illuminate\\Foundation\\Console\\ViewCacheCommand->handle()
#5 /home/kapahrco/public_html/twoday.kap-ahr.com/vendor/laravel/framework/src/Illuminate/Container/Util.php(41): Illuminate\\Container\\BoundMethod::Illuminate\\Container\\{closure}()
#6 /home/kapahrco/public_html/twoday.kap-ahr.com/vendor/laravel/framework/src/Illuminate/Container/BoundMethod.php(93): Illuminate\\Container\\Util::unwrapIfClosure()
#7 /home/kapahrco/public_html/twoday.kap-ahr.com/vendor/laravel/framework/src/Illuminate/Container/BoundMethod.php(35): Illuminate\\Container\\BoundMethod::callBoundMethod()
#8 /home/kapahrco/public_html/twoday.kap-ahr.com/vendor/laravel/framework/src/Illuminate/Container/Container.php(662): Illuminate\\Container\\BoundMethod::call()
#9 /home/kapahrco/public_html/twoday.kap-ahr.com/vendor/laravel/framework/src/Illuminate/Console/Command.php(212): Illuminate\\Container\\Container->call()
#10 /home/kapahrco/public_html/twoday.kap-ahr.com/vendor/symfony/console/Command/Command.php(279): Illuminate\\Console\\Command->execute()
#11 /home/kapahrco/public_html/twoday.kap-ahr.com/vendor/laravel/framework/src/Illuminate/Console/Command.php(181): Symfony\\Component\\Console\\Command\\Command->run()
#12 /home/kapahrco/public_html/twoday.kap-ahr.com/vendor/laravel/framework/src/Illuminate/Console/Concerns/CallsCommands.php(67): Illuminate\\Console\\Command->run()
#13 /home/kapahrco/public_html/twoday.kap-ahr.com/vendor/laravel/framework/src/Illuminate/Console/Concerns/CallsCommands.php(40): Illuminate\\Console\\Command->runCommand()
#14 /home/kapahrco/public_html/twoday.kap-ahr.com/vendor/laravel/framework/src/Illuminate/Foundation/Console/OptimizeCommand.php(38): Illuminate\\Console\\Command->callSilent()
#15 /home/kapahrco/public_html/twoday.kap-ahr.com/vendor/laravel/framework/src/Illuminate/Console/View/Components/Task.php(40): Illuminate\\Foundation\\Console\\OptimizeCommand->Illuminate\\Foundation\\Console\\{closure}()
#16 /home/kapahrco/public_html/twoday.kap-ahr.com/vendor/laravel/framework/src/Illuminate/Console/View/Components/Factory.php(58): Illuminate\\Console\\View\\Components\\Task->render()
#17 /home/kapahrco/public_html/twoday.kap-ahr.com/vendor/laravel/framework/src/Illuminate/Foundation/Console/OptimizeCommand.php(39): Illuminate\\Console\\View\\Components\\Factory->__call()
#18 /home/kapahrco/public_html/twoday.kap-ahr.com/vendor/laravel/framework/src/Illuminate/Collections/Traits/EnumeratesValues.php(237): Illuminate\\Foundation\\Console\\OptimizeCommand->Illuminate\\Foundation\\Console\\{closure}()
#19 /home/kapahrco/public_html/twoday.kap-ahr.com/vendor/laravel/framework/src/Illuminate/Foundation/Console/OptimizeCommand.php(39): Illuminate\\Support\\Collection->each()
#20 /home/kapahrco/public_html/twoday.kap-ahr.com/vendor/laravel/framework/src/Illuminate/Container/BoundMethod.php(36): Illuminate\\Foundation\\Console\\OptimizeCommand->handle()
#21 /home/kapahrco/public_html/twoday.kap-ahr.com/vendor/laravel/framework/src/Illuminate/Container/Util.php(41): Illuminate\\Container\\BoundMethod::Illuminate\\Container\\{closure}()
#22 /home/kapahrco/public_html/twoday.kap-ahr.com/vendor/laravel/framework/src/Illuminate/Container/BoundMethod.php(93): Illuminate\\Container\\Util::unwrapIfClosure()
#23 /home/kapahrco/public_html/twoday.kap-ahr.com/vendor/laravel/framework/src/Illuminate/Container/BoundMethod.php(35): Illuminate\\Container\\BoundMethod::callBoundMethod()
#24 /home/kapahrco/public_html/twoday.kap-ahr.com/vendor/laravel/framework/src/Illuminate/Container/Container.php(662): Illuminate\\Container\\BoundMethod::call()
#25 /home/kapahrco/public_html/twoday.kap-ahr.com/vendor/laravel/framework/src/Illuminate/Console/Command.php(212): Illuminate\\Container\\Container->call()
#26 /home/kapahrco/public_html/twoday.kap-ahr.com/vendor/symfony/console/Command/Command.php(279): Illuminate\\Console\\Command->execute()
#27 /home/kapahrco/public_html/twoday.kap-ahr.com/vendor/laravel/framework/src/Illuminate/Console/Command.php(181): Symfony\\Component\\Console\\Command\\Command->run()
#28 /home/kapahrco/public_html/twoday.kap-ahr.com/vendor/symfony/console/Application.php(1049): Illuminate\\Console\\Command->run()
#29 /home/kapahrco/public_html/twoday.kap-ahr.com/vendor/symfony/console/Application.php(318): Symfony\\Component\\Console\\Application->doRunCommand()
#30 /home/kapahrco/public_html/twoday.kap-ahr.com/vendor/symfony/console/Application.php(169): Symfony\\Component\\Console\\Application->doRun()
#31 /home/kapahrco/public_html/twoday.kap-ahr.com/vendor/laravel/framework/src/Illuminate/Foundation/Console/Kernel.php(196): Symfony\\Component\\Console\\Application->run()
#32 /home/kapahrco/public_html/twoday.kap-ahr.com/vendor/laravel/framework/src/Illuminate/Foundation/Application.php(1187): Illuminate\\Foundation\\Console\\Kernel->handle()
#33 /home/kapahrco/public_html/twoday.kap-ahr.com/artisan(13): Illuminate\\Foundation\\Application->handleCommand()
#34 {main}
"} 
